<?xml version="1.0" encoding="UTF-8"?>
<!-- Generated by org.testng.reporters.JUnitReportReporter -->
<testsuite hostname="garvits-imac.lan" failures="0" tests="36" name="TestRunner.testRunner$TestRunner" time="41.110" errors="0" timestamp="2023-05-12T13:21:47 CDT" skipped="0">
  <testcase classname="TestRunner.testRunner$TestRunner" name="runScenario" time="0.851"/>
  <system-out/>
  <testcase classname="TestRunner.testRunner$TestRunner" name="runScenario" time="0.380"/>
  <system-out/>
  <testcase classname="TestRunner.testRunner$TestRunner" name="runScenario" time="0.241"/>
  <system-out/>
  <testcase classname="TestRunner.testRunner$TestRunner" name="runScenario" time="0.372"/>
  <system-out/>
  <testcase classname="TestRunner.testRunner$TestRunner" name="runScenario" time="1.268"/>
  <system-out/>
  <testcase classname="TestRunner.testRunner$TestRunner" name="runScenario" time="1.456"/>
  <system-out/>
  <testcase classname="TestRunner.testRunner$TestRunner" name="runScenario" time="0.369"/>
  <system-out/>
  <testcase classname="TestRunner.testRunner$TestRunner" name="runScenario" time="0.201"/>
  <system-out/>
  <testcase classname="TestRunner.testRunner$TestRunner" name="runScenario" time="0.017"/>
  <system-out/>
  <testcase classname="TestRunner.testRunner$TestRunner" name="runScenario" time="0.387"/>
  <system-out/>
  <testcase classname="TestRunner.testRunner$TestRunner" name="runScenario" time="0.188"/>
  <system-out/>
  <testcase classname="TestRunner.testRunner$TestRunner" name="runScenario" time="0.207"/>
  <system-out/>
  <testcase classname="TestRunner.testRunner$TestRunner" name="runScenario" time="0.638"/>
  <system-out/>
  <testcase classname="TestRunner.testRunner$TestRunner" name="runScenario" time="1.372"/>
  <system-out/>
  <testcase classname="TestRunner.testRunner$TestRunner" name="runScenario" time="1.484"/>
  <system-out/>
  <testcase classname="TestRunner.testRunner$TestRunner" name="runScenario" time="3.047"/>
  <system-out/>
  <testcase classname="TestRunner.testRunner$TestRunner" name="runScenario" time="0.981"/>
  <system-out/>
  <testcase classname="TestRunner.testRunner$TestRunner" name="runScenario" time="0.352"/>
  <system-out/>
  <testcase classname="TestRunner.testRunner$TestRunner" name="runScenario" time="0.426"/>
  <system-out/>
  <testcase classname="TestRunner.testRunner$TestRunner" name="runScenario" time="0.445"/>
  <system-out/>
  <testcase classname="TestRunner.testRunner$TestRunner" name="runScenario" time="8.922"/>
  <system-out/>
  <testcase classname="TestRunner.testRunner$TestRunner" name="runScenario" time="0.242"/>
  <system-out/>
  <testcase classname="TestRunner.testRunner$TestRunner" name="runScenario" time="1.397"/>
  <system-out/>
  <testcase classname="TestRunner.testRunner$TestRunner" name="runScenario" time="0.867"/>
  <system-out/>
  <testcase classname="TestRunner.testRunner$TestRunner" name="runScenario" time="2.007"/>
  <system-out/>
  <testcase classname="TestRunner.testRunner$TestRunner" name="runScenario" time="1.271"/>
  <system-out/>
  <testcase classname="TestRunner.testRunner$TestRunner" name="runScenario" time="2.193"/>
  <system-out/>
  <testcase classname="TestRunner.testRunner$TestRunner" name="runScenario" time="0.532"/>
  <system-out/>
  <testcase classname="TestRunner.testRunner$TestRunner" name="runScenario" time="3.178"/>
  <system-out/>
  <testcase classname="TestRunner.testRunner$TestRunner" name="runScenario" time="1.514"/>
  <system-out/>
  <testcase classname="TestRunner.testRunner$TestRunner" name="runScenario" time="0.477"/>
  <system-out/>
  <testcase classname="TestRunner.testRunner$TestRunner" name="runScenario" time="0.210"/>
  <system-out/>
  <testcase classname="TestRunner.testRunner$TestRunner" name="runScenario" time="1.301"/>
  <system-out/>
  <testcase classname="TestRunner.testRunner$TestRunner" name="runScenario" time="0.827"/>
  <system-out/>
  <testcase classname="TestRunner.testRunner$TestRunner" name="runScenario" time="0.195"/>
  <system-out/>
  <testcase classname="TestRunner.testRunner$TestRunner" name="runScenario" time="1.295"/>
  <system-out/>
</testsuite> <!-- TestRunner.testRunner$TestRunner -->
