<?xml version="1.0" encoding="UTF-8"?>
<!-- Generated by org.testng.reporters.JUnitReportReporter -->
<testsuite hostname="garvits-imac.lan" failures="0" tests="36" name="TestRunner.testRunner$TestRunner" time="35.715" errors="0" timestamp="2023-05-29T19:25:56 CDT" skipped="0">
  <testcase classname="TestRunner.testRunner$TestRunner" name="runScenario" time="1.239"/>
  <system-out/>
  <testcase classname="TestRunner.testRunner$TestRunner" name="runScenario" time="0.343"/>
  <system-out/>
  <testcase classname="TestRunner.testRunner$TestRunner" name="runScenario" time="0.160"/>
  <system-out/>
  <testcase classname="TestRunner.testRunner$TestRunner" name="runScenario" time="1.263"/>
  <system-out/>
  <testcase classname="TestRunner.testRunner$TestRunner" name="runScenario" time="1.120"/>
  <system-out/>
  <testcase classname="TestRunner.testRunner$TestRunner" name="runScenario" time="0.313"/>
  <system-out/>
  <testcase classname="TestRunner.testRunner$TestRunner" name="runScenario" time="0.404"/>
  <system-out/>
  <testcase classname="TestRunner.testRunner$TestRunner" name="runScenario" time="2.765"/>
  <system-out/>
  <testcase classname="TestRunner.testRunner$TestRunner" name="runScenario" time="0.341"/>
  <system-out/>
  <testcase classname="TestRunner.testRunner$TestRunner" name="runScenario" time="8.113"/>
  <system-out/>
  <testcase classname="TestRunner.testRunner$TestRunner" name="runScenario" time="0.761"/>
  <system-out/>
  <testcase classname="TestRunner.testRunner$TestRunner" name="runScenario" time="1.203"/>
  <system-out/>
  <testcase classname="TestRunner.testRunner$TestRunner" name="runScenario" time="0.648"/>
  <system-out/>
  <testcase classname="TestRunner.testRunner$TestRunner" name="runScenario" time="0.175"/>
  <system-out/>
  <testcase classname="TestRunner.testRunner$TestRunner" name="runScenario" time="0.404"/>
  <system-out/>
  <testcase classname="TestRunner.testRunner$TestRunner" name="runScenario" time="0.009"/>
  <system-out/>
  <testcase classname="TestRunner.testRunner$TestRunner" name="runScenario" time="2.167"/>
  <system-out/>
  <testcase classname="TestRunner.testRunner$TestRunner" name="runScenario" time="0.176"/>
  <system-out/>
  <testcase classname="TestRunner.testRunner$TestRunner" name="runScenario" time="0.166"/>
  <system-out/>
  <testcase classname="TestRunner.testRunner$TestRunner" name="runScenario" time="1.222"/>
  <system-out/>
  <testcase classname="TestRunner.testRunner$TestRunner" name="runScenario" time="0.327"/>
  <system-out/>
  <testcase classname="TestRunner.testRunner$TestRunner" name="runScenario" time="0.181"/>
  <system-out/>
  <testcase classname="TestRunner.testRunner$TestRunner" name="runScenario" time="1.258"/>
  <system-out/>
  <testcase classname="TestRunner.testRunner$TestRunner" name="runScenario" time="0.164"/>
  <system-out/>
  <testcase classname="TestRunner.testRunner$TestRunner" name="runScenario" time="0.394"/>
  <system-out/>
  <testcase classname="TestRunner.testRunner$TestRunner" name="runScenario" time="0.205"/>
  <system-out/>
  <testcase classname="TestRunner.testRunner$TestRunner" name="runScenario" time="0.791"/>
  <system-out/>
  <testcase classname="TestRunner.testRunner$TestRunner" name="runScenario" time="2.936"/>
  <system-out/>
  <testcase classname="TestRunner.testRunner$TestRunner" name="runScenario" time="1.587"/>
  <system-out/>
  <testcase classname="TestRunner.testRunner$TestRunner" name="runScenario" time="1.192"/>
  <system-out/>
  <testcase classname="TestRunner.testRunner$TestRunner" name="runScenario" time="1.195"/>
  <system-out/>
  <testcase classname="TestRunner.testRunner$TestRunner" name="runScenario" time="0.325"/>
  <system-out/>
  <testcase classname="TestRunner.testRunner$TestRunner" name="runScenario" time="0.321"/>
  <system-out/>
  <testcase classname="TestRunner.testRunner$TestRunner" name="runScenario" time="0.381"/>
  <system-out/>
  <testcase classname="TestRunner.testRunner$TestRunner" name="runScenario" time="0.257"/>
  <system-out/>
  <testcase classname="TestRunner.testRunner$TestRunner" name="runScenario" time="1.209"/>
  <system-out/>
</testsuite> <!-- TestRunner.testRunner$TestRunner -->
